<?xml version="1.0" encoding="UTF-8"?>
<testng-results skipped="0" failed="0" ignored="0" total="1" passed="1">
  <reporter-output>
  </reporter-output>
  <suite name="Default suite" duration-ms="79" started-at="2021-11-15T10:14:46Z" finished-at="2021-11-15T10:14:47Z">
    <groups>
    </groups>
    <test name="Default test" duration-ms="79" started-at="2021-11-15T10:14:46Z" finished-at="2021-11-15T10:14:47Z">
      <class name="testframe.common.reporting.ReportHelper">
        <test-method status="PASS" signature="copyExcelFile()[pri:0, instance:testframe.common.reporting.ReportHelper@ff5b51f]" name="copyExcelFile" duration-ms="45" started-at="2021-11-15T15:44:46Z" finished-at="2021-11-15T15:44:47Z">
          <reporter-output>
          </reporter-output>
        </test-method> <!-- copyExcelFile -->
      </class> <!-- testframe.common.reporting.ReportHelper -->
    </test> <!-- Default test -->
  </suite> <!-- Default suite -->
</testng-results>
